TN:
SF:server\src\app.js
FN:21,(anonymous_0)
FNF:1
FNH:1
FNDA:3,(anonymous_0)
DA:3,1
DA:4,1
DA:7,1
DA:9,1
DA:13,1
DA:17,1
DA:21,1
DA:22,3
DA:23,3
DA:24,3
DA:26,3
DA:33,1
LF:12
LH:12
BRDA:23,0,0,3
BRDA:23,0,1,0
BRDA:24,1,0,3
BRDA:24,1,1,0
BRF:4
BRH:2
end_of_record
TN:
SF:server\src\controllers\postController.js
FN:9,(anonymous_0)
FN:39,(anonymous_1)
FN:67,(anonymous_2)
FN:88,(anonymous_3)
FN:121,(anonymous_4)
FNF:5
FNH:5
FNDA:2,(anonymous_0)
FNDA:4,(anonymous_1)
FNDA:2,(anonymous_2)
FNDA:2,(anonymous_3)
FNDA:1,(anonymous_4)
DA:3,1
DA:4,1
DA:5,1
DA:9,1
DA:12,2
DA:14,2
DA:16,2
DA:17,1
DA:18,1
DA:19,1
DA:22,1
DA:29,1
DA:30,1
DA:33,0
DA:39,1
DA:40,4
DA:42,4
DA:43,4
DA:44,1
DA:48,4
DA:49,4
DA:50,4
DA:52,4
DA:59,4
DA:61,0
DA:67,1
DA:68,2
DA:69,2
DA:72,2
DA:74,1
DA:75,1
DA:76,1
DA:79,1
DA:82,0
DA:88,1
DA:89,2
DA:90,2
DA:92,2
DA:93,0
DA:94,0
DA:95,0
DA:100,2
DA:101,1
DA:102,1
DA:103,1
DA:107,1
DA:108,1
DA:109,1
DA:112,1
DA:113,1
DA:115,0
DA:121,1
DA:122,1
DA:123,1
DA:125,1
DA:126,0
DA:127,0
DA:128,0
DA:132,1
DA:133,0
DA:134,0
DA:135,0
DA:138,1
DA:139,1
DA:141,0
LF:65
LH:51
BRDA:16,0,0,1
BRDA:16,0,1,1
BRDA:16,1,0,2
BRDA:16,1,1,1
BRDA:16,1,2,1
BRDA:43,2,0,1
BRDA:43,2,1,3
BRDA:48,3,0,4
BRDA:48,3,1,2
BRDA:49,4,0,4
BRDA:49,4,1,2
BRDA:72,5,0,1
BRDA:72,5,1,1
BRDA:92,6,0,0
BRDA:92,6,1,2
BRDA:100,7,0,1
BRDA:100,7,1,1
BRDA:107,8,0,1
BRDA:107,8,1,0
BRDA:108,9,0,1
BRDA:108,9,1,0
BRDA:109,10,0,1
BRDA:109,10,1,1
BRDA:125,11,0,0
BRDA:125,11,1,1
BRDA:132,12,0,0
BRDA:132,12,1,1
BRF:27
BRH:22
end_of_record
TN:
SF:server\src\middleware\authMiddleware.js
FN:10,(anonymous_0)
FNF:1
FNH:1
FNDA:8,(anonymous_0)
DA:3,1
DA:4,1
DA:5,1
DA:10,1
DA:14,8
DA:18,5
DA:20,5
DA:23,5
DA:27,5
DA:29,5
DA:30,0
DA:33,5
DA:35,0
DA:36,0
DA:40,8
DA:41,3
LF:16
LH:13
BRDA:14,0,0,5
BRDA:14,0,1,3
BRDA:15,1,0,8
BRDA:15,1,1,5
BRDA:29,2,0,0
BRDA:29,2,1,5
BRDA:40,3,0,3
BRDA:40,3,1,5
BRF:8
BRH:7
end_of_record
TN:
SF:server\src\models\Post.js
FN:36,(anonymous_0)
FNF:1
FNH:1
FNDA:4,(anonymous_0)
DA:3,1
DA:4,1
DA:6,1
DA:36,1
DA:38,4
DA:39,4
DA:41,4
DA:44,1
LF:8
LH:8
BRDA:38,0,0,4
BRDA:38,0,1,0
BRDA:38,1,0,4
BRDA:38,1,1,1
BRF:4
BRH:3
end_of_record
TN:
SF:server\src\models\User.js
FN:34,(anonymous_0)
FN:51,(anonymous_1)
FNF:2
FNH:1
FNDA:2,(anonymous_0)
FNDA:0,(anonymous_1)
DA:3,1
DA:4,1
DA:5,1
DA:7,1
DA:30,1
DA:34,1
DA:36,2
DA:37,0
DA:40,2
DA:41,2
DA:42,2
DA:43,2
DA:45,0
DA:51,1
DA:52,0
DA:55,1
LF:16
LH:13
BRDA:36,0,0,0
BRDA:36,0,1,2
BRF:2
BRH:1
end_of_record
TN:
SF:server\src\routes\posts.js
FNF:0
FNH:0
DA:3,1
DA:4,1
DA:5,1
DA:14,1
DA:19,1
DA:24,1
DA:29,1
DA:34,1
DA:39,1
DA:41,1
LF:10
LH:10
BRF:0
BRH:0
end_of_record
TN:
SF:server\src\utils\auth.js
FN:13,(anonymous_0)
FNF:1
FNH:1
FNDA:2,(anonymous_0)
DA:3,1
DA:7,1
DA:13,1
DA:14,2
DA:15,0
DA:18,2
DA:29,1
LF:7
LH:6
BRDA:14,0,0,0
BRDA:14,0,1,2
BRDA:14,1,0,2
BRDA:14,1,1,2
BRF:4
BRH:3
end_of_record
